2023-03-14 15:47:42.838 INFO 18596 main com.ue.termi.TermiApplication - Starting TermiApplication on MacBook-Pro-6.local with PID 18596 (/Users/youyi/IdeaProjects/termi/build/classes/java/main started by youyi in /Users/youyi/IdeaProjects/termi)
2023-03-14 15:47:42.858 INFO 18596 main com.ue.termi.TermiApplication - The following profiles are active: local
2023-03-14 15:47:42.946 WARN 18596 background-preinit o.s.h.c.json.Jackson2ObjectMapperBuilder - For Jackson Kotlin classes support please add "com.fasterxml.jackson.module:jackson-module-kotlin" to the classpath
2023-03-14 15:47:44.148 INFO 18596 main o.s.b.w.embedded.tomcat.TomcatWebServer - Tomcat initialized with port(s): 8080 (http)
2023-03-14 15:47:44.157 INFO 18596 main o.apache.coyote.http11.Http11NioProtocol - Initializing ProtocolHandler ["http-nio-8080"]
2023-03-14 15:47:44.157 INFO 18596 main org.apache.catalina.core.StandardService - Starting service [Tomcat]
2023-03-14 15:47:44.157 INFO 18596 main org.apache.catalina.core.StandardEngine - Starting Servlet engine: [Apache Tomcat/9.0.46]
2023-03-14 15:47:44.227 INFO 18596 main o.a.c.c.C.[Tomcat].[localhost].[/] - Initializing Spring embedded WebApplicationContext
2023-03-14 15:47:44.227 INFO 18596 main o.s.b.w.s.c.ServletWebServerApplicationContext - Root WebApplicationContext: initialization completed in 1299 ms
2023-03-14 15:47:44.257 INFO 18596 main org.apache.catalina.core.StandardContext - Suspicious URL pattern: [/**] in context [], see sections 12.1 and 12.2 of the Servlet specification
2023-03-14 15:47:44.274 INFO 18596 main com.ue.termi.filter.DemoFilter - filter 初始化
2023-03-14 15:47:45.150 INFO 18596 main com.alibaba.druid.pool.DruidDataSource - {dataSource-1,master} inited
2023-03-14 15:47:45.201 INFO 18596 main com.alibaba.druid.pool.DruidDataSource - {dataSource-2,slave} inited
2023-03-14 15:47:45.201 INFO 18596 main c.b.d.d.DynamicRoutingDataSource - dynamic-datasource - add a datasource named [slave] success
2023-03-14 15:47:45.202 INFO 18596 main c.b.d.d.DynamicRoutingDataSource - dynamic-datasource - add a datasource named [master] success
2023-03-14 15:47:45.203 INFO 18596 main c.b.d.d.DynamicRoutingDataSource - dynamic-datasource initial loaded [2] datasource,primary datasource named [master]
2023-03-14 15:47:45.602 INFO 18596 main o.s.s.concurrent.ThreadPoolTaskExecutor - Initializing ExecutorService 'applicationTaskExecutor'
2023-03-14 15:47:45.736 WARN 18596 main org.thymeleaf.templatemode.TemplateMode - [THYMELEAF][main] Template Mode 'HTML5' is deprecated. Using Template Mode 'HTML' instead.
2023-03-14 15:47:45.839 INFO 18596 main o.apache.coyote.http11.Http11NioProtocol - Starting ProtocolHandler ["http-nio-8080"]
2023-03-14 15:47:45.860 INFO 18596 main o.s.b.w.embedded.tomcat.TomcatWebServer - Tomcat started on port(s): 8080 (http) with context path ''
2023-03-14 15:47:45.870 INFO 18596 main com.ue.termi.TermiApplication - Started TermiApplication in 3.637 seconds (JVM running for 4.47)
2023-03-14 15:48:40.045 INFO 18596 SpringContextShutdownHook com.ue.termi.filter.DemoFilter - filter 销毁
2023-03-14 15:48:40.059 INFO 18596 SpringContextShutdownHook o.s.s.concurrent.ThreadPoolTaskExecutor - Shutting down ExecutorService 'applicationTaskExecutor'
2023-03-14 15:48:40.059 INFO 18596 SpringContextShutdownHook c.b.d.d.DynamicRoutingDataSource - dynamic-datasource start closing ....
2023-03-14 15:48:40.062 INFO 18596 SpringContextShutdownHook com.alibaba.druid.pool.DruidDataSource - {dataSource-2} closing ...
2023-03-14 15:48:40.070 INFO 18596 SpringContextShutdownHook com.alibaba.druid.pool.DruidDataSource - {dataSource-2} closed
2023-03-14 15:48:40.070 INFO 18596 SpringContextShutdownHook com.alibaba.druid.pool.DruidDataSource - {dataSource-1} closing ...
2023-03-14 15:48:40.071 INFO 18596 SpringContextShutdownHook com.alibaba.druid.pool.DruidDataSource - {dataSource-1} closed
2023-03-14 15:48:40.071 INFO 18596 SpringContextShutdownHook c.b.d.d.DynamicRoutingDataSource - dynamic-datasource all closed success,bye
2023-03-14 15:48:44.055 INFO 18651 main com.ue.termi.TermiApplication - Starting TermiApplication on MacBook-Pro-6.local with PID 18651 (/Users/youyi/IdeaProjects/termi/build/classes/java/main started by youyi in /Users/youyi/IdeaProjects/termi)
2023-03-14 15:48:44.058 INFO 18651 main com.ue.termi.TermiApplication - The following profiles are active: local
2023-03-14 15:48:44.136 WARN 18651 background-preinit o.s.h.c.json.Jackson2ObjectMapperBuilder - For Jackson Kotlin classes support please add "com.fasterxml.jackson.module:jackson-module-kotlin" to the classpath
2023-03-14 15:48:45.606 INFO 18651 main o.s.b.w.embedded.tomcat.TomcatWebServer - Tomcat initialized with port(s): 8080 (http)
2023-03-14 15:48:45.620 INFO 18651 main o.apache.coyote.http11.Http11NioProtocol - Initializing ProtocolHandler ["http-nio-8080"]
2023-03-14 15:48:45.621 INFO 18651 main org.apache.catalina.core.StandardService - Starting service [Tomcat]
2023-03-14 15:48:45.621 INFO 18651 main org.apache.catalina.core.StandardEngine - Starting Servlet engine: [Apache Tomcat/9.0.46]
2023-03-14 15:48:45.736 INFO 18651 main o.a.c.c.C.[Tomcat].[localhost].[/] - Initializing Spring embedded WebApplicationContext
2023-03-14 15:48:45.754 INFO 18651 main o.s.b.w.s.c.ServletWebServerApplicationContext - Root WebApplicationContext: initialization completed in 1633 ms
2023-03-14 15:48:45.809 INFO 18651 main org.apache.catalina.core.StandardContext - Suspicious URL pattern: [/**] in context [], see sections 12.1 and 12.2 of the Servlet specification
2023-03-14 15:48:45.826 INFO 18651 main com.ue.termi.filter.DemoFilter - filter 初始化
2023-03-14 15:48:46.384 INFO 18651 main com.alibaba.druid.pool.DruidDataSource - {dataSource-1,master} inited
2023-03-14 15:48:46.497 INFO 18651 main com.alibaba.druid.pool.DruidDataSource - {dataSource-2,slave} inited
2023-03-14 15:48:46.497 INFO 18651 main c.b.d.d.DynamicRoutingDataSource - dynamic-datasource - add a datasource named [slave] success
2023-03-14 15:48:46.499 INFO 18651 main c.b.d.d.DynamicRoutingDataSource - dynamic-datasource - add a datasource named [master] success
2023-03-14 15:48:46.499 INFO 18651 main c.b.d.d.DynamicRoutingDataSource - dynamic-datasource initial loaded [2] datasource,primary datasource named [master]
2023-03-14 15:48:47.034 INFO 18651 main o.s.s.concurrent.ThreadPoolTaskExecutor - Initializing ExecutorService 'applicationTaskExecutor'
2023-03-14 15:48:47.215 WARN 18651 main org.thymeleaf.templatemode.TemplateMode - [THYMELEAF][main] Template Mode 'HTML5' is deprecated. Using Template Mode 'HTML' instead.
2023-03-14 15:48:47.334 INFO 18651 main o.apache.coyote.http11.Http11NioProtocol - Starting ProtocolHandler ["http-nio-8080"]
2023-03-14 15:48:47.361 INFO 18651 main o.s.b.w.embedded.tomcat.TomcatWebServer - Tomcat started on port(s): 8080 (http) with context path ''
2023-03-14 15:48:47.372 INFO 18651 main com.ue.termi.TermiApplication - Started TermiApplication in 4.226 seconds (JVM running for 4.806)
2023-03-14 15:49:50.868 INFO 18651 http-nio-8080-exec-1 o.a.c.c.C.[Tomcat].[localhost].[/] - Initializing Spring DispatcherServlet 'dispatcherServlet'
2023-03-14 15:49:50.868 INFO 18651 http-nio-8080-exec-1 o.s.web.servlet.DispatcherServlet - Initializing Servlet 'dispatcherServlet'
2023-03-14 15:49:50.879 INFO 18651 http-nio-8080-exec-1 o.s.web.servlet.DispatcherServlet - Completed initialization in 11 ms
2023-03-14 15:49:50.898 INFO 18651 http-nio-8080-exec-1 com.ue.termi.interceptor.DemoInterceptor - preHandle:请求前调用
2023-03-14 15:49:50.915 INFO 18651 http-nio-8080-exec-1 com.ue.termi.util.log.LogUtil - This is a request start.uri=/,user=null,userId=null,xtoken=null,param={},body=null
2023-03-14 15:49:50.917 INFO 18651 http-nio-8080-exec-1 com.ue.termi.interceptor.DemoInterceptor - postHandle:请求后调用
2023-03-14 15:49:50.917 INFO 18651 http-nio-8080-exec-1 com.ue.termi.interceptor.DemoInterceptor - afterCompletion:请求调用完成后回调方法，即在视图渲染完成后回调
2023-03-14 15:49:50.917 INFO 18651 http-nio-8080-exec-1 com.ue.termi.util.log.LogUtil - This is a request response.uri=/,user=null,userId=null,xtoken=null,param={},body=null,response=null
2023-03-14 15:49:50.925 INFO 18651 http-nio-8080-exec-1 com.ue.termi.interceptor.DemoInterceptor - preHandle:请求前调用
2023-03-14 15:49:50.925 INFO 18651 http-nio-8080-exec-1 com.ue.termi.util.log.LogUtil - This is a request start.uri=/error,user=null,userId=null,xtoken=null,param={},body=null
2023-03-14 15:49:50.947 INFO 18651 http-nio-8080-exec-1 com.ue.termi.interceptor.DemoInterceptor - postHandle:请求后调用
2023-03-14 15:49:50.955 INFO 18651 http-nio-8080-exec-1 com.ue.termi.interceptor.DemoInterceptor - afterCompletion:请求调用完成后回调方法，即在视图渲染完成后回调
2023-03-14 15:49:50.955 INFO 18651 http-nio-8080-exec-1 com.ue.termi.util.log.LogUtil - This is a request response.uri=/error,user=null,userId=null,xtoken=null,param={},body=null,response=null
2023-03-14 15:50:43.570 INFO 18651 http-nio-8080-exec-2 com.ue.termi.interceptor.DemoInterceptor - preHandle:请求前调用
2023-03-14 15:50:43.570 INFO 18651 http-nio-8080-exec-2 com.ue.termi.util.log.LogUtil - This is a request start.uri=/getList,user=null,userId=null,xtoken=null,param={},body=null
2023-03-14 15:50:43.655 WARN 18651 http-nio-8080-exec-2 c.a.druid.pool.DruidAbstractDataSource - discard long time none received connection. , jdbcUrl : jdbc:mysql://localhost:3306/youyi?autoReconnect=true&useUnicode=true&characterEncoding=utf8&allowMultiQueries=true, version : 1.2.8, lastPacketReceivedIdleMillis : 117151
2023-03-14 15:50:43.656 WARN 18651 http-nio-8080-exec-2 c.a.druid.pool.DruidAbstractDataSource - discard long time none received connection. , jdbcUrl : jdbc:mysql://localhost:3306/youyi?autoReconnect=true&useUnicode=true&characterEncoding=utf8&allowMultiQueries=true, version : 1.2.8, lastPacketReceivedIdleMillis : 117179
2023-03-14 15:50:43.660 WARN 18651 http-nio-8080-exec-2 c.a.druid.pool.DruidAbstractDataSource - discard long time none received connection. , jdbcUrl : jdbc:mysql://localhost:3306/youyi?autoReconnect=true&useUnicode=true&characterEncoding=utf8&allowMultiQueries=true, version : 1.2.8, lastPacketReceivedIdleMillis : 117213
2023-03-14 15:50:43.661 WARN 18651 http-nio-8080-exec-2 c.a.druid.pool.DruidAbstractDataSource - discard long time none received connection. , jdbcUrl : jdbc:mysql://localhost:3306/youyi?autoReconnect=true&useUnicode=true&characterEncoding=utf8&allowMultiQueries=true, version : 1.2.8, lastPacketReceivedIdleMillis : 117232
2023-03-14 15:50:43.662 WARN 18651 http-nio-8080-exec-2 c.a.druid.pool.DruidAbstractDataSource - discard long time none received connection. , jdbcUrl : jdbc:mysql://localhost:3306/youyi?autoReconnect=true&useUnicode=true&characterEncoding=utf8&allowMultiQueries=true, version : 1.2.8, lastPacketReceivedIdleMillis : 117253
2023-03-14 15:50:44.262 INFO 18651 http-nio-8080-exec-2 com.ue.termi.interceptor.DemoInterceptor - postHandle:请求后调用
2023-03-14 15:50:44.263 INFO 18651 http-nio-8080-exec-2 com.ue.termi.interceptor.DemoInterceptor - afterCompletion:请求调用完成后回调方法，即在视图渲染完成后回调
2023-03-14 15:50:44.314 INFO 18651 http-nio-8080-exec-2 com.ue.termi.util.log.LogUtil - This is a request response.uri=/getList,user=null,userId=null,xtoken=null,param={},body=null,response={"code":0,"data":[{"id":1,"account":"12","name":"name=null","password":"23sd"},{"id":312,"account":"32","name":"name=null","password":"25"}],"msg":"SUCCESS"}
2023-03-14 15:51:29.176 INFO 18651 SpringContextShutdownHook com.ue.termi.filter.DemoFilter - filter 销毁
2023-03-14 15:51:29.194 INFO 18651 SpringContextShutdownHook o.s.s.concurrent.ThreadPoolTaskExecutor - Shutting down ExecutorService 'applicationTaskExecutor'
2023-03-14 15:51:29.197 INFO 18651 SpringContextShutdownHook c.b.d.d.DynamicRoutingDataSource - dynamic-datasource start closing ....
2023-03-14 15:51:29.202 INFO 18651 SpringContextShutdownHook com.alibaba.druid.pool.DruidDataSource - {dataSource-2} closing ...
2023-03-14 15:51:29.205 INFO 18651 SpringContextShutdownHook com.alibaba.druid.pool.DruidDataSource - {dataSource-2} closed
2023-03-14 15:51:29.206 INFO 18651 SpringContextShutdownHook com.alibaba.druid.pool.DruidDataSource - {dataSource-1} closing ...
2023-03-14 15:51:29.207 INFO 18651 SpringContextShutdownHook com.alibaba.druid.pool.DruidDataSource - {dataSource-1} closed
2023-03-14 15:51:29.207 INFO 18651 SpringContextShutdownHook c.b.d.d.DynamicRoutingDataSource - dynamic-datasource all closed success,bye
